c:\users\administrator\desktop\文件\代码类\nightcrows_vs\启动器\ml\x64\debug\ml.pch
c:\users\administrator\desktop\文件\代码类\nightcrows_vs\启动器\ml\x64\debug\vc143.pdb
c:\users\administrator\desktop\文件\代码类\nightcrows_vs\启动器\ml\x64\debug\vc143.idb
c:\users\administrator\desktop\文件\代码类\nightcrows_vs\启动器\ml\x64\debug\pch.obj
c:\users\administrator\desktop\文件\代码类\nightcrows_vs\启动器\ml\x64\debug\键鼠类.obj
c:\users\administrator\desktop\文件\代码类\nightcrows_vs\启动器\ml\x64\debug\识字类.obj
c:\users\administrator\desktop\文件\代码类\nightcrows_vs\启动器\ml\x64\debug\识图类.obj
c:\users\administrator\desktop\文件\代码类\nightcrows_vs\启动器\ml\x64\debug\ml.obj
c:\users\administrator\desktop\文件\代码类\nightcrows_vs\启动器\ml\x64\debug\cmaindialogwnd.obj
c:\users\administrator\desktop\文件\代码类\nightcrows_vs\启动器\x64\debug\ml.dll
c:\users\administrator\desktop\文件\代码类\nightcrows_vs\启动器\x64\debug\ml.pdb
c:\users\administrator\desktop\文件\代码类\nightcrows_vs\启动器\ml\x64\debug\ml.res
c:\users\administrator\desktop\文件\代码类\nightcrows_vs\启动器\x64\debug\ml.lib
c:\users\administrator\desktop\文件\代码类\nightcrows_vs\启动器\x64\debug\ml.exp
c:\users\administrator\desktop\文件\代码类\nightcrows_vs\启动器\ml\x64\debug\ml.ilk
c:\users\administrator\desktop\文件\代码类\nightcrows_vs\启动器\ml\x64\debug\ml.tlog\cl.command.1.tlog
c:\users\administrator\desktop\文件\代码类\nightcrows_vs\启动器\ml\x64\debug\ml.tlog\cl.items.tlog
c:\users\administrator\desktop\文件\代码类\nightcrows_vs\启动器\ml\x64\debug\ml.tlog\cl.read.1.tlog
c:\users\administrator\desktop\文件\代码类\nightcrows_vs\启动器\ml\x64\debug\ml.tlog\cl.write.1.tlog
c:\users\administrator\desktop\文件\代码类\nightcrows_vs\启动器\ml\x64\debug\ml.tlog\link.command.1.tlog
c:\users\administrator\desktop\文件\代码类\nightcrows_vs\启动器\ml\x64\debug\ml.tlog\link.read.1.tlog
c:\users\administrator\desktop\文件\代码类\nightcrows_vs\启动器\ml\x64\debug\ml.tlog\link.secondary.1.tlog
c:\users\administrator\desktop\文件\代码类\nightcrows_vs\启动器\ml\x64\debug\ml.tlog\link.write.1.tlog
c:\users\administrator\desktop\文件\代码类\nightcrows_vs\启动器\ml\x64\debug\ml.tlog\rc.command.1.tlog
c:\users\administrator\desktop\文件\代码类\nightcrows_vs\启动器\ml\x64\debug\ml.tlog\rc.read.1.tlog
c:\users\administrator\desktop\文件\代码类\nightcrows_vs\启动器\ml\x64\debug\ml.tlog\rc.write.1.tlog
