c:\users\administrator\desktop\文件\代码类\nightcrows_vs\启动器\ml\x64\release\ml.pch
c:\users\administrator\desktop\文件\代码类\nightcrows_vs\启动器\ml\x64\release\vc143.pdb
c:\users\administrator\desktop\文件\代码类\nightcrows_vs\启动器\ml\x64\release\pch.obj
c:\users\administrator\desktop\文件\代码类\nightcrows_vs\启动器\ml\x64\release\键鼠类.obj
c:\users\administrator\desktop\文件\代码类\nightcrows_vs\启动器\ml\x64\release\识字类.obj
c:\users\administrator\desktop\文件\代码类\nightcrows_vs\启动器\ml\x64\release\识图类.obj
c:\users\administrator\desktop\文件\代码类\nightcrows_vs\启动器\ml\x64\release\函数功能类.obj
c:\users\administrator\desktop\文件\代码类\nightcrows_vs\启动器\ml\x64\release\ml.obj
c:\users\administrator\desktop\文件\代码类\nightcrows_vs\启动器\ml\x64\release\cmaindialogwnd.obj
c:\users\administrator\desktop\文件\代码类\nightcrows_vs\启动器\x64\release\ml.dll
c:\users\administrator\desktop\文件\代码类\nightcrows_vs\启动器\x64\release\ml.pdb
c:\users\administrator\desktop\文件\代码类\nightcrows_vs\启动器\ml\x64\release\ml.res
c:\users\administrator\desktop\文件\代码类\nightcrows_vs\启动器\x64\release\ml.lib
c:\users\administrator\desktop\文件\代码类\nightcrows_vs\启动器\x64\release\ml.exp
c:\users\administrator\desktop\文件\代码类\nightcrows_vs\启动器\ml\x64\release\ml.ipdb
c:\users\administrator\desktop\文件\代码类\nightcrows_vs\启动器\ml\x64\release\ml.iobj
c:\users\administrator\desktop\文件\代码类\nightcrows_vs\启动器\ml\x64\release\ml.tlog\cl.command.1.tlog
c:\users\administrator\desktop\文件\代码类\nightcrows_vs\启动器\ml\x64\release\ml.tlog\cl.items.tlog
c:\users\administrator\desktop\文件\代码类\nightcrows_vs\启动器\ml\x64\release\ml.tlog\cl.read.1.tlog
c:\users\administrator\desktop\文件\代码类\nightcrows_vs\启动器\ml\x64\release\ml.tlog\cl.write.1.tlog
c:\users\administrator\desktop\文件\代码类\nightcrows_vs\启动器\ml\x64\release\ml.tlog\link.command.1.tlog
c:\users\administrator\desktop\文件\代码类\nightcrows_vs\启动器\ml\x64\release\ml.tlog\link.read.1.tlog
c:\users\administrator\desktop\文件\代码类\nightcrows_vs\启动器\ml\x64\release\ml.tlog\link.secondary.1.tlog
c:\users\administrator\desktop\文件\代码类\nightcrows_vs\启动器\ml\x64\release\ml.tlog\link.write.1.tlog
c:\users\administrator\desktop\文件\代码类\nightcrows_vs\启动器\ml\x64\release\ml.tlog\rc.command.1.tlog
c:\users\administrator\desktop\文件\代码类\nightcrows_vs\启动器\ml\x64\release\ml.tlog\rc.read.1.tlog
c:\users\administrator\desktop\文件\代码类\nightcrows_vs\启动器\ml\x64\release\ml.tlog\rc.write.1.tlog
